
The following have been reloaded with a version change:
  1) cmake/3.31.5 => cmake/3.28.1

srun: Job step aborted: Waiting up to 32 seconds for job step to finish.
slurmstepd: error: *** JOB 1822948 ON c512-102 CANCELLED AT 2025-04-22T04:26:03 DUE TO TIME LIMIT ***
slurmstepd: error: *** STEP 1822948.0 ON c512-102 CANCELLED AT 2025-04-22T04:26:03 DUE TO TIME LIMIT ***
